Partition Merge report for g24_possibility_table
Wed Dec 02 07:11:48 2015
Quartus II 64-Bit Version 13.0.1 Build 232 06/12/2013 Service Pack 1 SJ Full Version


---------------------
; Table of Contents ;
---------------------
  1. Legal Notice
  2. Partition Merge Summary
  3. Partition Merge Netlist Types Used
  4. Connections to In-System Debugging Instance "auto_signaltap_0"
  5. Partition Merge Partition Statistics
  6. Partition Merge Resource Usage Summary
  7. Partition Merge RAM Summary
  8. Partition Merge Messages



----------------
; Legal Notice ;
----------------
Copyright (C) 1991-2013 Altera Corporation
Your use of Altera Corporation's design tools, logic functions 
and other software and tools, and its AMPP partner logic 
functions, and any output files from any of the foregoing 
(including device programming or simulation files), and any 
associated documentation or information are expressly subject 
to the terms and conditions of the Altera Program License 
Subscription Agreement, Altera MegaCore Function License 
Agreement, or other applicable license agreement, including, 
without limitation, that your use is for the sole purpose of 
programming logic devices manufactured by Altera and sold by 
Altera or its authorized distributors.  Please refer to the 
applicable agreement for further details.



+---------------------------------------------------------------------------------------+
; Partition Merge Summary                                                               ;
+------------------------------------+--------------------------------------------------+
; Partition Merge Status             ; Successful - Wed Dec 02 07:11:48 2015            ;
; Quartus II 64-Bit Version          ; 13.0.1 Build 232 06/12/2013 SP 1 SJ Full Version ;
; Revision Name                      ; g24_possibility_table                            ;
; Top-level Entity Name              ; g24_possibility_table                            ;
; Family                             ; Cyclone II                                       ;
; Total logic elements               ; 518 / 18,752 ( 3 % )                             ;
;     Total combinational functions  ; 361 / 18,752 ( 2 % )                             ;
;     Dedicated logic registers      ; 355 / 18,752 ( 2 % )                             ;
; Total registers                    ; 355                                              ;
; Total pins                         ; 19 / 315 ( 6 % )                                 ;
; Total virtual pins                 ; 0                                                ;
; Total memory bits                  ; 4,608 / 239,616 ( 2 % )                          ;
; Embedded Multiplier 9-bit elements ; 0 / 52 ( 0 % )                                   ;
; Total PLLs                         ; 0 / 4 ( 0 % )                                    ;
+------------------------------------+--------------------------------------------------+


+-------------------------------------------------------------------------------------------------------------------------------+
; Partition Merge Netlist Types Used                                                                                            ;
+--------------------------------+----------------+-------------------+------------------------+--------------------------------+
; Partition Name                 ; Partition Type ; Netlist Type Used ; Netlist Type Requested ; Partition Contents             ;
+--------------------------------+----------------+-------------------+------------------------+--------------------------------+
; Top                            ; User-created   ; Post-Fit          ; Post-Fit               ;                                ;
; sld_hub:auto_hub               ; Auto-generated ; Post-Synthesis    ; Post-Synthesis         ; sld_hub:auto_hub               ;
; sld_signaltap:auto_signaltap_0 ; Auto-generated ; Post-Synthesis    ; Post-Synthesis         ; sld_signaltap:auto_signaltap_0 ;
; hard_block:auto_generated_inst ; Auto-generated ; Source File       ; Source File            ; hard_block:auto_generated_inst ;
+--------------------------------+----------------+-------------------+------------------------+--------------------------------+


+-------------------------------------------------------------------------------------------------------------------------------------------------------------------------------------------------------------------------------------------------------------+
; Connections to In-System Debugging Instance "auto_signaltap_0"                                                                                                                                                                                              ;
+--------+--------------+-----------+----------------+-------------------+-------------------+----------------------------------------------------------------------------------------------------------------------------------------------------------------+
; Name   ; Type         ; Status    ; Partition Name ; Netlist Type Used ; Actual Connection ; Details                                                                                                                                                        ;
+--------+--------------+-----------+----------------+-------------------+-------------------+----------------------------------------------------------------------------------------------------------------------------------------------------------------+
; 50MHz  ; post-fitting ; missing   ; Top            ; post-fit          ; GND               ; The name does not exist in your design or refers to an invalid hierarchy or bus element.  You may have modified your design after creating the debug instance. ;
; TC_EN  ; post-fitting ; connected ; Top            ; post-fit          ; TC_EN             ; N/A                                                                                                                                                            ;
; TC_EN  ; post-fitting ; connected ; Top            ; post-fit          ; TC_EN             ; N/A                                                                                                                                                            ;
; TC_RST ; post-fitting ; connected ; Top            ; post-fit          ; TC_RST            ; N/A                                                                                                                                                            ;
; TC_RST ; post-fitting ; connected ; Top            ; post-fit          ; TC_RST            ; N/A                                                                                                                                                            ;
; TM_EN  ; post-fitting ; connected ; Top            ; post-fit          ; TM_EN             ; N/A                                                                                                                                                            ;
; TM_EN  ; post-fitting ; connected ; Top            ; post-fit          ; TM_EN             ; N/A                                                                                                                                                            ;
; TM_IN  ; post-fitting ; connected ; Top            ; post-fit          ; TM_IN             ; N/A                                                                                                                                                            ;
; TM_IN  ; post-fitting ; connected ; Top            ; post-fit          ; TM_IN             ; N/A                                                                                                                                                            ;
+--------+--------------+-----------+----------------+-------------------+-------------------+----------------------------------------------------------------------------------------------------------------------------------------------------------------+


+--------------------------------------------------------------------------------------------------------------------------------------------------------------+
; Partition Merge Partition Statistics                                                                                                                         ;
+---------------------------------------------+----------------------+-----------------------+--------------------------------+--------------------------------+
; Statistic                                   ; Top                  ; sld_hub:auto_hub      ; sld_signaltap:auto_signaltap_0 ; hard_block:auto_generated_inst ;
+---------------------------------------------+----------------------+-----------------------+--------------------------------+--------------------------------+
; Estimated Total logic elements              ; 25 / 18752 ( < 1 % ) ; 146 / 18752 ( < 1 % ) ; 347 / 18752 ( 2 % )            ; 0 / 18752 ( 0 % )              ;
;                                             ;                      ;                       ;                                ;                                ;
; Total combinational functions               ; 25                   ; 122                   ; 214                            ; 0                              ;
; Logic element usage by number of LUT inputs ;                      ;                       ;                                ;                                ;
;     -- 4 input functions                    ; 6                    ; 54                    ; 102                            ; 0                              ;
;     -- 3 input functions                    ; 15                   ; 28                    ; 62                             ; 0                              ;
;     -- <=2 input functions                  ; 4                    ; 40                    ; 50                             ; 0                              ;
;                                             ;                      ;                       ;                                ;                                ;
; Logic elements by mode                      ;                      ;                       ;                                ;                                ;
;     -- normal mode                          ; 25                   ; 114                   ; 183                            ; 0                              ;
;     -- arithmetic mode                      ; 0                    ; 8                     ; 31                             ; 0                              ;
;                                             ;                      ;                       ;                                ;                                ;
; Total registers                             ; 12                   ; 86                    ; 257                            ; 0                              ;
;     -- Dedicated logic registers            ; 12 / 18752 ( < 1 % ) ; 86 / 18752 ( < 1 % )  ; 257 / 18752 ( 1 % )            ; 0 / 18752 ( 0 % )              ;
;                                             ;                      ;                       ;                                ;                                ;
; Virtual pins                                ; 0                    ; 0                     ; 0                              ; 0                              ;
; I/O pins                                    ; 19                   ; 0                     ; 0                              ; 0                              ;
; Embedded Multiplier 9-bit elements          ; 0 / 52 ( 0 % )       ; 0 / 52 ( 0 % )        ; 0 / 52 ( 0 % )                 ; 0 / 52 ( 0 % )                 ;
; Total memory bits                           ; 4096                 ; 0                     ; 512                            ; 0                              ;
; Total RAM block bits                        ; 4608                 ; 0                     ; 4608                           ; 0                              ;
; JTAG                                        ; 1 / 1 ( 100 % )      ; 0 / 1 ( 0 % )         ; 0 / 1 ( 0 % )                  ; 0 / 1 ( 0 % )                  ;
; M4K                                         ; 1 / 52 ( 1 % )       ; 0 / 52 ( 0 % )        ; 1 / 52 ( 1 % )                 ; 0 / 52 ( 0 % )                 ;
;                                             ;                      ;                       ;                                ;                                ;
; Connections                                 ;                      ;                       ;                                ;                                ;
;     -- Input Connections                    ; 1                    ; 128                   ; 392                            ; 0                              ;
;     -- Registered Input Connections         ; 0                    ; 97                    ; 283                            ; 0                              ;
;     -- Output Connections                   ; 395                  ; 124                   ; 2                              ; 0                              ;
;     -- Registered Output Connections        ; 0                    ; 123                   ; 0                              ; 0                              ;
;                                             ;                      ;                       ;                                ;                                ;
; Internal Connections                        ;                      ;                       ;                                ;                                ;
;     -- Total Connections                    ; 564                  ; 779                   ; 1580                           ; 0                              ;
;     -- Registered Connections               ; 92                   ; 556                   ; 922                            ; 0                              ;
;                                             ;                      ;                       ;                                ;                                ;
; External Connections                        ;                      ;                       ;                                ;                                ;
;     -- Top                                  ; 0                    ; 119                   ; 277                            ; 0                              ;
;     -- sld_hub:auto_hub                     ; 119                  ; 16                    ; 117                            ; 0                              ;
;     -- sld_signaltap:auto_signaltap_0       ; 277                  ; 117                   ; 0                              ; 0                              ;
;     -- hard_block:auto_generated_inst       ; 0                    ; 0                     ; 0                              ; 0                              ;
;                                             ;                      ;                       ;                                ;                                ;
; Partition Interface                         ;                      ;                       ;                                ;                                ;
;     -- Input Ports                          ; 8                    ; 19                    ; 65                             ; 0                              ;
;     -- Output Ports                         ; 15                   ; 37                    ; 18                             ; 0                              ;
;     -- Bidir Ports                          ; 0                    ; 0                     ; 0                              ; 0                              ;
;                                             ;                      ;                       ;                                ;                                ;
; Registered Ports                            ;                      ;                       ;                                ;                                ;
;     -- Registered Input Ports               ; 0                    ; 4                     ; 13                             ; 0                              ;
;     -- Registered Output Ports              ; 0                    ; 26                    ; 9                              ; 0                              ;
;                                             ;                      ;                       ;                                ;                                ;
; Port Connectivity                           ;                      ;                       ;                                ;                                ;
;     -- Input Ports driven by GND            ; 0                    ; 1                     ; 1                              ; 0                              ;
;     -- Output Ports driven by GND           ; 0                    ; 1                     ; 0                              ; 0                              ;
;     -- Input Ports driven by VCC            ; 0                    ; 0                     ; 0                              ; 0                              ;
;     -- Output Ports driven by VCC           ; 0                    ; 0                     ; 0                              ; 0                              ;
;     -- Input Ports with no Source           ; 0                    ; 1                     ; 35                             ; 0                              ;
;     -- Output Ports with no Source          ; 0                    ; 0                     ; 0                              ; 0                              ;
;     -- Input Ports with no Fanout           ; 0                    ; 2                     ; 40                             ; 0                              ;
;     -- Output Ports with no Fanout          ; 0                    ; 15                    ; 9                              ; 0                              ;
+---------------------------------------------+----------------------+-----------------------+--------------------------------+--------------------------------+
Note: Resource usage numbers presented for Partitions containing post-synthesis logic are estimates.  For Partitions containing post-fit logic, resource usage numbers are accurate based on previous placement information.  Actual Fitter results may vary depending on current Fitter Preservation Level assignments.


+------------------------------------------------------------------------+
; Partition Merge Resource Usage Summary                                 ;
+---------------------------------------------+--------------------------+
; Resource                                    ; Usage                    ;
+---------------------------------------------+--------------------------+
; Estimated Total logic elements              ; 518 / 18,752 ( 2 % )     ;
;                                             ;                          ;
; Total combinational functions               ; 361                      ;
; Logic element usage by number of LUT inputs ;                          ;
;     -- 4 input functions                    ; 162                      ;
;     -- 3 input functions                    ; 105                      ;
;     -- <=2 input functions                  ; 94                       ;
;                                             ;                          ;
; Logic elements by mode                      ;                          ;
;     -- normal mode                          ; 322                      ;
;     -- arithmetic mode                      ; 39                       ;
;                                             ;                          ;
; Total registers                             ; 355                      ;
;     -- Dedicated logic registers            ; 355                      ;
;     -- I/O registers                        ; 0                        ;
;                                             ;                          ;
; I/O pins                                    ; 19                       ;
; Total memory bits                           ; 4608                     ;
; Embedded Multiplier 9-bit elements          ; 0                        ;
; Maximum fan-out node                        ; altera_internal_jtag~TDO ;
; Maximum fan-out                             ; 242                      ;
; Total fan-out                               ; 2382                     ;
; Average fan-out                             ; 3.19                     ;
+---------------------------------------------+--------------------------+


+-----------------------------------------------------------------------------------------------------------------------------------------------------------------------------------------------------------------------------------------------------------------------------------------------------------+
; Partition Merge RAM Summary                                                                                                                                                                                                                                                                               ;
+-------------------------------------------------------------------------------------------------------------------------------------------------------------------------------------------------------+------+------------------+--------------+--------------+--------------+--------------+------+------+
; Name                                                                                                                                                                                                  ; Type ; Mode             ; Port A Depth ; Port A Width ; Port B Depth ; Port B Width ; Size ; MIF  ;
+-------------------------------------------------------------------------------------------------------------------------------------------------------------------------------------------------------+------+------------------+--------------+--------------+--------------+--------------+------+------+
; altsyncram:table_memory[0]__1|altsyncram_cug1:auto_generated|ALTSYNCRAM                                                                                                                               ; AUTO ; Simple Dual Port ; 4096         ; 1            ; 4096         ; 1            ; 4096 ; None ;
; sld_signaltap:auto_signaltap_0|sld_signaltap_impl:sld_signaltap_body|sld_signaltap_implb:sld_signaltap_body|altsyncram:\stp_non_zero_ram_gen:stp_buffer_ram|altsyncram_mm14:auto_generated|ALTSYNCRAM ; AUTO ; Simple Dual Port ; 128          ; 4            ; 128          ; 4            ; 512  ; None ;
+-------------------------------------------------------------------------------------------------------------------------------------------------------------------------------------------------------+------+------------------+--------------+--------------+--------------+--------------+------+------+


+--------------------------+
; Partition Merge Messages ;
+--------------------------+
Info: *******************************************************************
Info: Running Quartus II 64-Bit Partition Merge
    Info: Version 13.0.1 Build 232 06/12/2013 Service Pack 1 SJ Full Version
    Info: Processing started: Wed Dec 02 07:11:45 2015
Info: Command: quartus_cdb --read_settings_files=off --write_settings_files=off g24_possibility_table -c g24_possibility_table --merge=on
Info (35006): Using previously generated Fitter netlist for partition "Top"
Info (35007): Using synthesis netlist for partition "sld_hub:auto_hub"
Info (35007): Using synthesis netlist for partition "sld_signaltap:auto_signaltap_0"
Critical Warning (35025): Partially connected in-system debug instance "auto_signaltap_0" to 8 of its 9 required data inputs, trigger inputs, acquisition clocks, and dynamic pins.  There were 0 illegal, 0 inaccessible, and 1 missing sources or connections.
Info (35002): Resolved and merged 3 partition(s)
Info (16010): Generating hard_block partition "hard_block:auto_generated_inst"
    Info (16011): Adding 0 node(s), including 0 DDIO, 0 PLL, 0 transceiver and 0 LCELL
Info (21057): Implemented 560 device resources after synthesis - the final resource count might be different
    Info (21058): Implemented 8 input pins
    Info (21059): Implemented 15 output pins
    Info (21061): Implemented 529 logic cells
    Info (21064): Implemented 5 RAM segments
Info: Quartus II 64-Bit Partition Merge was successful. 0 errors, 1 warning
    Info: Peak virtual memory: 461 megabytes
    Info: Processing ended: Wed Dec 02 07:11:49 2015
    Info: Elapsed time: 00:00:04
    Info: Total CPU time (on all processors): 00:00:01


