Analysis & Synthesis report for g24_possibility_table
Mon Nov 16 13:03:39 2015
Quartus II 64-Bit Version 13.0.1 Build 232 06/12/2013 Service Pack 1 SJ Full Version


---------------------
; Table of Contents ;
---------------------
  1. Legal Notice
  2. Analysis & Synthesis Summary
  3. Analysis & Synthesis Settings
  4. Parallel Compilation
  5. Analysis & Synthesis Messages



----------------
; Legal Notice ;
----------------
Copyright (C) 1991-2013 Altera Corporation
Your use of Altera Corporation's design tools, logic functions 
and other software and tools, and its AMPP partner logic 
functions, and any output files from any of the foregoing 
(including device programming or simulation files), and any 
associated documentation or information are expressly subject 
to the terms and conditions of the Altera Program License 
Subscription Agreement, Altera MegaCore Function License 
Agreement, or other applicable license agreement, including, 
without limitation, that your use is for the sole purpose of 
programming logic devices manufactured by Altera and sold by 
Altera or its authorized distributors.  Please refer to the 
applicable agreement for further details.



+---------------------------------------------------------------------------------------+
; Analysis & Synthesis Summary                                                          ;
+------------------------------------+--------------------------------------------------+
; Analysis & Synthesis Status        ; Failed - Mon Nov 16 13:03:39 2015                ;
; Quartus II 64-Bit Version          ; 13.0.1 Build 232 06/12/2013 SP 1 SJ Full Version ;
; Revision Name                      ; g24_possibility_table                            ;
; Top-level Entity Name              ; g24_possibility_table                            ;
; Family                             ; Cyclone II                                       ;
; Total logic elements               ; N/A until Partition Merge                        ;
;     Total combinational functions  ; N/A until Partition Merge                        ;
;     Dedicated logic registers      ; N/A until Partition Merge                        ;
; Total registers                    ; N/A until Partition Merge                        ;
; Total pins                         ; N/A until Partition Merge                        ;
; Total virtual pins                 ; N/A until Partition Merge                        ;
; Total memory bits                  ; N/A until Partition Merge                        ;
; Embedded Multiplier 9-bit elements ; N/A until Partition Merge                        ;
; Total PLLs                         ; N/A until Partition Merge                        ;
+------------------------------------+--------------------------------------------------+


+----------------------------------------------------------------------------------------------------------------------------+
; Analysis & Synthesis Settings                                                                                              ;
+----------------------------------------------------------------------------+-----------------------+-----------------------+
; Option                                                                     ; Setting               ; Default Value         ;
+----------------------------------------------------------------------------+-----------------------+-----------------------+
; Device                                                                     ; EP2C20F484C7          ;                       ;
; Top-level entity name                                                      ; g24_possibility_table ; g24_possibility_table ;
; Family name                                                                ; Cyclone II            ; Cyclone IV GX         ;
; Use smart compilation                                                      ; Off                   ; Off                   ;
; Enable parallel Assembler and TimeQuest Timing Analyzer during compilation ; On                    ; On                    ;
; Enable compact report table                                                ; Off                   ; Off                   ;
; Restructure Multiplexers                                                   ; Auto                  ; Auto                  ;
; Create Debugging Nodes for IP Cores                                        ; Off                   ; Off                   ;
; Preserve fewer node names                                                  ; On                    ; On                    ;
; Disable OpenCore Plus hardware evaluation                                  ; Off                   ; Off                   ;
; Verilog Version                                                            ; Verilog_2001          ; Verilog_2001          ;
; VHDL Version                                                               ; VHDL_1993             ; VHDL_1993             ;
; State Machine Processing                                                   ; Auto                  ; Auto                  ;
; Safe State Machine                                                         ; Off                   ; Off                   ;
; Extract Verilog State Machines                                             ; On                    ; On                    ;
; Extract VHDL State Machines                                                ; On                    ; On                    ;
; Ignore Verilog initial constructs                                          ; Off                   ; Off                   ;
; Iteration limit for constant Verilog loops                                 ; 5000                  ; 5000                  ;
; Iteration limit for non-constant Verilog loops                             ; 250                   ; 250                   ;
; Add Pass-Through Logic to Inferred RAMs                                    ; On                    ; On                    ;
; Infer RAMs from Raw Logic                                                  ; On                    ; On                    ;
; Parallel Synthesis                                                         ; On                    ; On                    ;
; DSP Block Balancing                                                        ; Auto                  ; Auto                  ;
; NOT Gate Push-Back                                                         ; On                    ; On                    ;
; Power-Up Don't Care                                                        ; On                    ; On                    ;
; Remove Redundant Logic Cells                                               ; Off                   ; Off                   ;
; Remove Duplicate Registers                                                 ; On                    ; On                    ;
; Ignore CARRY Buffers                                                       ; Off                   ; Off                   ;
; Ignore CASCADE Buffers                                                     ; Off                   ; Off                   ;
; Ignore GLOBAL Buffers                                                      ; Off                   ; Off                   ;
; Ignore ROW GLOBAL Buffers                                                  ; Off                   ; Off                   ;
; Ignore LCELL Buffers                                                       ; Off                   ; Off                   ;
; Ignore SOFT Buffers                                                        ; On                    ; On                    ;
; Limit AHDL Integers to 32 Bits                                             ; Off                   ; Off                   ;
; Optimization Technique                                                     ; Balanced              ; Balanced              ;
; Carry Chain Length                                                         ; 70                    ; 70                    ;
; Auto Carry Chains                                                          ; On                    ; On                    ;
; Auto Open-Drain Pins                                                       ; On                    ; On                    ;
; Perform WYSIWYG Primitive Resynthesis                                      ; Off                   ; Off                   ;
; Auto ROM Replacement                                                       ; On                    ; On                    ;
; Auto RAM Replacement                                                       ; On                    ; On                    ;
; Auto Shift Register Replacement                                            ; Auto                  ; Auto                  ;
; Allow Shift Register Merging across Hierarchies                            ; Auto                  ; Auto                  ;
; Auto Clock Enable Replacement                                              ; On                    ; On                    ;
; Strict RAM Replacement                                                     ; Off                   ; Off                   ;
; Allow Synchronous Control Signals                                          ; On                    ; On                    ;
; Force Use of Synchronous Clear Signals                                     ; Off                   ; Off                   ;
; Auto RAM to Logic Cell Conversion                                          ; Off                   ; Off                   ;
; Auto Resource Sharing                                                      ; Off                   ; Off                   ;
; Allow Any RAM Size For Recognition                                         ; Off                   ; Off                   ;
; Allow Any ROM Size For Recognition                                         ; Off                   ; Off                   ;
; Allow Any Shift Register Size For Recognition                              ; Off                   ; Off                   ;
; Use LogicLock Constraints during Resource Balancing                        ; On                    ; On                    ;
; Ignore translate_off and synthesis_off directives                          ; Off                   ; Off                   ;
; Timing-Driven Synthesis                                                    ; Off                   ; Off                   ;
; Report Parameter Settings                                                  ; On                    ; On                    ;
; Report Source Assignments                                                  ; On                    ; On                    ;
; Report Connectivity Checks                                                 ; On                    ; On                    ;
; Ignore Maximum Fan-Out Assignments                                         ; Off                   ; Off                   ;
; Synchronization Register Chain Length                                      ; 2                     ; 2                     ;
; PowerPlay Power Optimization                                               ; Normal compilation    ; Normal compilation    ;
; HDL message level                                                          ; Level2                ; Level2                ;
; Suppress Register Optimization Related Messages                            ; Off                   ; Off                   ;
; Number of Removed Registers Reported in Synthesis Report                   ; 5000                  ; 5000                  ;
; Number of Swept Nodes Reported in Synthesis Report                         ; 5000                  ; 5000                  ;
; Number of Inverted Registers Reported in Synthesis Report                  ; 100                   ; 100                   ;
; Clock MUX Protection                                                       ; On                    ; On                    ;
; Auto Gated Clock Conversion                                                ; Off                   ; Off                   ;
; Block Design Naming                                                        ; Auto                  ; Auto                  ;
; SDC constraint protection                                                  ; Off                   ; Off                   ;
; Synthesis Effort                                                           ; Auto                  ; Auto                  ;
; Shift Register Replacement - Allow Asynchronous Clear Signal               ; On                    ; On                    ;
; Pre-Mapping Resynthesis Optimization                                       ; Off                   ; Off                   ;
; Analysis & Synthesis Message Level                                         ; Medium                ; Medium                ;
; Disable Register Merging Across Hierarchies                                ; Auto                  ; Auto                  ;
; Resource Aware Inference For Block RAM                                     ; On                    ; On                    ;
; Synthesis Seed                                                             ; 1                     ; 1                     ;
+----------------------------------------------------------------------------+-----------------------+-----------------------+


+------------------------------------------+
; Parallel Compilation                     ;
+----------------------------+-------------+
; Processors                 ; Number      ;
+----------------------------+-------------+
; Number detected on machine ; 4           ;
; Maximum allowed            ; 4           ;
;                            ;             ;
; Average used               ; 1.00        ;
; Maximum used               ; 1           ;
;                            ;             ;
; Usage by Processor         ; % Time Used ;
;     Processor 1            ; 100.0%      ;
;     Processors 2-4         ;   0.0%      ;
+----------------------------+-------------+


+-------------------------------+
; Analysis & Synthesis Messages ;
+-------------------------------+
Info: *******************************************************************
Info: Running Quartus II 64-Bit Analysis & Synthesis
    Info: Version 13.0.1 Build 232 06/12/2013 Service Pack 1 SJ Full Version
    Info: Processing started: Mon Nov 16 13:03:36 2015
Info: Command: quartus_map --read_settings_files=on --write_settings_files=off g24_possibility_table -c g24_possibility_table
Info (20030): Parallel compilation is enabled and will use 4 of the 4 processors detected
Info (12021): Found 2 design units, including 1 entities, in source file g24_possibility_table.vhd
    Info (12022): Found design unit 1: g24_possibility_table-behavior
    Info (12023): Found entity 1: g24_possibility_table
Info (12021): Found 2 design units, including 1 entities, in source file color_counter.vhd
    Info (12022): Found design unit 1: color_counter-behavior
    Info (12023): Found entity 1: color_counter
Info (12127): Elaborating entity "g24_possibility_table" for the top level hierarchy
Warning (10541): VHDL Signal Declaration warning at g24_possibility_table.vhd(9): used implicit default value for signal "TC_LAST" because signal was never assigned a value or an explicit default value. Use of implicit default value may introduce unintended design optimizations.
Warning (10541): VHDL Signal Declaration warning at g24_possibility_table.vhd(10): used implicit default value for signal "TM_ADDR" because signal was never assigned a value or an explicit default value. Use of implicit default value may introduce unintended design optimizations.
Warning (10541): VHDL Signal Declaration warning at g24_possibility_table.vhd(11): used implicit default value for signal "TM_OUT" because signal was never assigned a value or an explicit default value. Use of implicit default value may introduce unintended design optimizations.
Warning (10492): VHDL Process Statement warning at g24_possibility_table.vhd(92): signal "TC0" is read inside the Process Statement but isn't in the Process Statement's sensitivity list
Warning (10492): VHDL Process Statement warning at g24_possibility_table.vhd(92): signal "TC1" is read inside the Process Statement but isn't in the Process Statement's sensitivity list
Warning (10492): VHDL Process Statement warning at g24_possibility_table.vhd(92): signal "TC2" is read inside the Process Statement but isn't in the Process Statement's sensitivity list
Warning (10492): VHDL Process Statement warning at g24_possibility_table.vhd(92): signal "TC3" is read inside the Process Statement but isn't in the Process Statement's sensitivity list
Error (10028): Can't resolve multiple constant drivers for net "TC0[2]" at g24_possibility_table.vhd(55) File: P:/323/lab3/possibilities/g24_possibility_table.vhd Line: 55
Error (10029): Constant driver at g24_possibility_table.vhd(44) File: P:/323/lab3/possibilities/g24_possibility_table.vhd Line: 44
Error (10028): Can't resolve multiple constant drivers for net "TC0[1]" at g24_possibility_table.vhd(55) File: P:/323/lab3/possibilities/g24_possibility_table.vhd Line: 55
Error (10028): Can't resolve multiple constant drivers for net "TC0[0]" at g24_possibility_table.vhd(55) File: P:/323/lab3/possibilities/g24_possibility_table.vhd Line: 55
Error (10028): Can't resolve multiple constant drivers for net "LR0" at g24_possibility_table.vhd(55) File: P:/323/lab3/possibilities/g24_possibility_table.vhd Line: 55
Error (10029): Constant driver at g24_possibility_table.vhd(45) File: P:/323/lab3/possibilities/g24_possibility_table.vhd Line: 45
Error (10028): Can't resolve multiple constant drivers for net "TC1[2]" at g24_possibility_table.vhd(63) File: P:/323/lab3/possibilities/g24_possibility_table.vhd Line: 63
Error (10029): Constant driver at g24_possibility_table.vhd(46) File: P:/323/lab3/possibilities/g24_possibility_table.vhd Line: 46
Error (10028): Can't resolve multiple constant drivers for net "TC1[1]" at g24_possibility_table.vhd(63) File: P:/323/lab3/possibilities/g24_possibility_table.vhd Line: 63
Error (10028): Can't resolve multiple constant drivers for net "TC1[0]" at g24_possibility_table.vhd(63) File: P:/323/lab3/possibilities/g24_possibility_table.vhd Line: 63
Error (10028): Can't resolve multiple constant drivers for net "LR1" at g24_possibility_table.vhd(63) File: P:/323/lab3/possibilities/g24_possibility_table.vhd Line: 63
Error (10029): Constant driver at g24_possibility_table.vhd(47) File: P:/323/lab3/possibilities/g24_possibility_table.vhd Line: 47
Error (10028): Can't resolve multiple constant drivers for net "TC2[2]" at g24_possibility_table.vhd(71) File: P:/323/lab3/possibilities/g24_possibility_table.vhd Line: 71
Error (10029): Constant driver at g24_possibility_table.vhd(48) File: P:/323/lab3/possibilities/g24_possibility_table.vhd Line: 48
Error (10028): Can't resolve multiple constant drivers for net "TC2[1]" at g24_possibility_table.vhd(71) File: P:/323/lab3/possibilities/g24_possibility_table.vhd Line: 71
Error (10028): Can't resolve multiple constant drivers for net "TC2[0]" at g24_possibility_table.vhd(71) File: P:/323/lab3/possibilities/g24_possibility_table.vhd Line: 71
Error (10028): Can't resolve multiple constant drivers for net "LR2" at g24_possibility_table.vhd(71) File: P:/323/lab3/possibilities/g24_possibility_table.vhd Line: 71
Error (10029): Constant driver at g24_possibility_table.vhd(49) File: P:/323/lab3/possibilities/g24_possibility_table.vhd Line: 49
Error (10028): Can't resolve multiple constant drivers for net "TC3[2]" at g24_possibility_table.vhd(79) File: P:/323/lab3/possibilities/g24_possibility_table.vhd Line: 79
Error (12153): Can't elaborate top-level user hierarchy
Error: Quartus II 64-Bit Analysis & Synthesis was unsuccessful. 20 errors, 7 warnings
    Error: Peak virtual memory: 486 megabytes
    Error: Processing ended: Mon Nov 16 13:03:40 2015
    Error: Elapsed time: 00:00:04
    Error: Total CPU time (on all processors): 00:00:01


